<?xml version="1.0" encoding="UTF-8"?>
<testsuite name="com.mindex.challenge.ChallengeApplicationTests" tests="1" skipped="0" failures="0" errors="0" timestamp="2021-06-13T18:09:28" hostname="MacBook-Pro.local" time="0.002">
  <properties/>
  <testcase name="contextLoads" classname="com.mindex.challenge.ChallengeApplicationTests" time="0.002"/>
  <system-out><![CDATA[2021-06-13 14:09:28.683  INFO 89971 --- [    Test worker] .b.t.c.SpringBootTestContextBootstrapper : Neither @ContextConfiguration nor @ContextHierarchy found for test class [com.mindex.challenge.ChallengeApplicationTests], using SpringBootContextLoader
2021-06-13 14:09:28.684  INFO 89971 --- [    Test worker] o.s.t.c.support.AbstractContextLoader    : Could not detect default resource locations for test class [com.mindex.challenge.ChallengeApplicationTests]: no resource found for suffixes {-context.xml, Context.groovy}.
2021-06-13 14:09:28.685  INFO 89971 --- [    Test worker] t.c.s.AnnotationConfigContextLoaderUtils : Could not detect default configuration classes for test class [com.mindex.challenge.ChallengeApplicationTests]: ChallengeApplicationTests does not declare any static, non-private, non-final, nested classes annotated with @Configuration.
2021-06-13 14:09:28.686  INFO 89971 --- [    Test worker] .b.t.c.SpringBootTestContextBootstrapper : Found @SpringBootConfiguration com.mindex.challenge.ChallengeApplication for test class com.mindex.challenge.ChallengeApplicationTests
2021-06-13 14:09:28.687  INFO 89971 --- [    Test worker] .b.t.c.SpringBootTestContextBootstrapper : Loaded default TestExecutionListener class names from location [META-INF/spring.factories]: [org.springframework.boot.test.autoconfigure.restdocs.RestDocsTestExecutionListener, org.springframework.boot.test.autoconfigure.web.client.MockRestServiceServerResetTestExecutionListener, org.springframework.boot.test.autoconfigure.web.servlet.MockMvcPrintOnlyOnFailureTestExecutionListener, org.springframework.boot.test.autoconfigure.web.servlet.WebDriverTestExecutionListener, org.springframework.boot.test.mock.mockito.MockitoTestExecutionListener, org.springframework.boot.test.mock.mockito.ResetMocksTestExecutionListener, org.springframework.test.context.web.ServletTestExecutionListener, org.springframework.test.context.support.DirtiesContextBeforeModesTestExecutionListener, org.springframework.test.context.support.DependencyInjectionTestExecutionListener, org.springframework.test.context.support.DirtiesContextTestExecutionListener, org.springframework.test.context.transaction.TransactionalTestExecutionListener, org.springframework.test.context.jdbc.SqlScriptsTestExecutionListener, org.springframework.test.context.event.EventPublishingTestExecutionListener]
2021-06-13 14:09:28.688  INFO 89971 --- [    Test worker] .b.t.c.SpringBootTestContextBootstrapper : Using TestExecutionListeners: [org.springframework.test.context.web.ServletTestExecutionListener@166dc9cd, org.springframework.test.context.support.DirtiesContextBeforeModesTestExecutionListener@7d527e25, org.springframework.boot.test.mock.mockito.MockitoTestExecutionListener@1089d7ff, org.springframework.boot.test.autoconfigure.SpringBootDependencyInjectionTestExecutionListener@b0100c, org.springframework.test.context.support.DirtiesContextTestExecutionListener@786b8276, org.springframework.test.context.transaction.TransactionalTestExecutionListener@16267808, org.springframework.test.context.jdbc.SqlScriptsTestExecutionListener@484e731c, org.springframework.test.context.event.EventPublishingTestExecutionListener@487e2a69, org.springframework.boot.test.autoconfigure.restdocs.RestDocsTestExecutionListener@6c227922, org.springframework.boot.test.autoconfigure.web.client.MockRestServiceServerResetTestExecutionListener@4961ba96, org.springframework.boot.test.autoconfigure.web.servlet.MockMvcPrintOnlyOnFailureTestExecutionListener@720cf635, org.springframework.boot.test.autoconfigure.web.servlet.WebDriverTestExecutionListener@4b18a77f, org.springframework.boot.test.mock.mockito.ResetMocksTestExecutionListener@340c3c57]
]]></system-out>
  <system-err><![CDATA[]]></system-err>
</testsuite>
