<?xml version="1.0" encoding="UTF-8"?>
<testsuite name="com.mindex.challenge.service.impl.EmployeeServiceImplTest" tests="1" skipped="0" failures="0" errors="0" timestamp="2021-06-13T18:09:28" hostname="MacBook-Pro.local" time="0.196">
  <properties/>
  <testcase name="testCreateReadUpdate" classname="com.mindex.challenge.service.impl.EmployeeServiceImplTest" time="0.196"/>
  <system-out><![CDATA[2021-06-13 14:09:27.588  INFO 89971 --- [    Test worker] .b.t.c.SpringBootTestContextBootstrapper : Neither @ContextConfiguration nor @ContextHierarchy found for test class [com.mindex.challenge.service.impl.EmployeeServiceImplTest], using SpringBootContextLoader
2021-06-13 14:09:27.589  INFO 89971 --- [    Test worker] o.s.t.c.support.AbstractContextLoader    : Could not detect default resource locations for test class [com.mindex.challenge.service.impl.EmployeeServiceImplTest]: no resource found for suffixes {-context.xml, Context.groovy}.
2021-06-13 14:09:27.590  INFO 89971 --- [    Test worker] t.c.s.AnnotationConfigContextLoaderUtils : Could not detect default configuration classes for test class [com.mindex.challenge.service.impl.EmployeeServiceImplTest]: EmployeeServiceImplTest does not declare any static, non-private, non-final, nested classes annotated with @Configuration.
2021-06-13 14:09:27.598  INFO 89971 --- [    Test worker] .b.t.c.SpringBootTestContextBootstrapper : Found @SpringBootConfiguration com.mindex.challenge.ChallengeApplication for test class com.mindex.challenge.service.impl.EmployeeServiceImplTest
2021-06-13 14:09:27.599  INFO 89971 --- [    Test worker] .b.t.c.SpringBootTestContextBootstrapper : Loaded default TestExecutionListener class names from location [META-INF/spring.factories]: [org.springframework.boot.test.autoconfigure.restdocs.RestDocsTestExecutionListener, org.springframework.boot.test.autoconfigure.web.client.MockRestServiceServerResetTestExecutionListener, org.springframework.boot.test.autoconfigure.web.servlet.MockMvcPrintOnlyOnFailureTestExecutionListener, org.springframework.boot.test.autoconfigure.web.servlet.WebDriverTestExecutionListener, org.springframework.boot.test.mock.mockito.MockitoTestExecutionListener, org.springframework.boot.test.mock.mockito.ResetMocksTestExecutionListener, org.springframework.test.context.web.ServletTestExecutionListener, org.springframework.test.context.support.DirtiesContextBeforeModesTestExecutionListener, org.springframework.test.context.support.DependencyInjectionTestExecutionListener, org.springframework.test.context.support.DirtiesContextTestExecutionListener, org.springframework.test.context.transaction.TransactionalTestExecutionListener, org.springframework.test.context.jdbc.SqlScriptsTestExecutionListener, org.springframework.test.context.event.EventPublishingTestExecutionListener]
2021-06-13 14:09:27.600  INFO 89971 --- [    Test worker] .b.t.c.SpringBootTestContextBootstrapper : Using TestExecutionListeners: [org.springframework.test.context.web.ServletTestExecutionListener@6359d94f, org.springframework.test.context.support.DirtiesContextBeforeModesTestExecutionListener@7cd6e08c, org.springframework.boot.test.mock.mockito.MockitoTestExecutionListener@1690c211, org.springframework.boot.test.autoconfigure.SpringBootDependencyInjectionTestExecutionListener@479fe583, org.springframework.test.context.support.DirtiesContextTestExecutionListener@6aa1cf9e, org.springframework.test.context.transaction.TransactionalTestExecutionListener@213890c6, org.springframework.test.context.jdbc.SqlScriptsTestExecutionListener@31a85eba, org.springframework.test.context.event.EventPublishingTestExecutionListener@92316f1, org.springframework.boot.test.autoconfigure.restdocs.RestDocsTestExecutionListener@6d9af574, org.springframework.boot.test.autoconfigure.web.client.MockRestServiceServerResetTestExecutionListener@8c1e6a1, org.springframework.boot.test.autoconfigure.web.servlet.MockMvcPrintOnlyOnFailureTestExecutionListener@7bef248d, org.springframework.boot.test.autoconfigure.web.servlet.WebDriverTestExecutionListener@6a6a319f, org.springframework.boot.test.mock.mockito.ResetMocksTestExecutionListener@50e148f3]

  .   ____          _            __ _ _
 /\\ / ___'_ __ _ _(_)_ __  __ _ \ \ \ \
( ( )\___ | '_ | '_| | '_ \/ _` | \ \ \ \
 \\/  ___)| |_)| | | | | || (_| |  ) ) ) )
  '  |____| .__|_| |_|_| |_\__, | / / / /
 =========|_|==============|___/=/_/_/_/
 :: Spring Boot ::        (v2.2.0.RELEASE)

2021-06-13 14:09:27.625  INFO 89971 --- [    Test worker] c.m.c.s.impl.EmployeeServiceImplTest     : Starting EmployeeServiceImplTest on MacBook-Pro.local with PID 89971 (started by shashwatbhatt in /Users/shashwatbhatt/Desktop/mindex-final/mindex-java-code-challenge)
2021-06-13 14:09:27.625 DEBUG 89971 --- [    Test worker] c.m.c.s.impl.EmployeeServiceImplTest     : Running with Spring Boot v2.2.0.RELEASE, Spring v5.2.0.RELEASE
2021-06-13 14:09:27.626  INFO 89971 --- [    Test worker] c.m.c.s.impl.EmployeeServiceImplTest     : No active profile set, falling back to default profiles: default
2021-06-13 14:09:27.724  INFO 89971 --- [    Test worker] .s.d.r.c.RepositoryConfigurationDelegate : Bootstrapping Spring Data repositories in DEFAULT mode.
2021-06-13 14:09:27.729  INFO 89971 --- [    Test worker] .s.d.r.c.RepositoryConfigurationDelegate : Finished Spring Data repository scanning in 4ms. Found 2 repository interfaces.
2021-06-13 14:09:27.896  INFO 89971 --- [    Test worker] o.s.b.w.embedded.tomcat.TomcatWebServer  : Tomcat initialized with port(s): 0 (http)
2021-06-13 14:09:27.905  INFO 89971 --- [    Test worker] o.apache.catalina.core.StandardService   : Starting service [Tomcat]
2021-06-13 14:09:27.905  INFO 89971 --- [    Test worker] org.apache.catalina.core.StandardEngine  : Starting Servlet engine: [Apache Tomcat/9.0.27]
2021-06-13 14:09:27.981  INFO 89971 --- [    Test worker] o.a.c.c.C.[Tomcat].[localhost].[/]       : Initializing Spring embedded WebApplicationContext
2021-06-13 14:09:27.981  INFO 89971 --- [    Test worker] o.s.web.context.ContextLoader            : Root WebApplicationContext: initialization completed in 352 ms
2021-06-13 14:09:28.064  INFO 89971 --- [    Test worker] de.bwaldvogel.mongo.MongoServer          : started MongoServer(port: 64090, ssl: false)
2021-06-13 14:09:28.065  INFO 89971 --- [    Test worker] org.mongodb.driver.cluster               : Cluster created with settings {hosts=[127.0.0.1:64090], mode=SINGLE, requiredClusterType=UNKNOWN, serverSelectionTimeout='30000 ms', maxWaitQueueSize=500}
2021-06-13 14:09:28.067  INFO 89971 --- [-server-worker1] d.b.mongo.wire.MongoWireProtocolHandler  : client [id: 0x9d74406d, L:/127.0.0.1:64090 - R:/127.0.0.1:64091] connected
2021-06-13 14:09:28.075  WARN 89971 --- [    Test worker] o.s.data.convert.CustomConversions       : Registering converter from class java.time.LocalDateTime to class java.time.Instant as reading converter although it doesn't convert from a store-supported type! You might wanna check you annotation setup at the converter implementation.
2021-06-13 14:09:28.075  WARN 89971 --- [    Test worker] o.s.data.convert.CustomConversions       : Registering converter from class java.time.Instant to class java.time.LocalDateTime as reading converter although it doesn't convert from a store-supported type! You might wanna check you annotation setup at the converter implementation.
2021-06-13 14:09:28.076  WARN 89971 --- [    Test worker] o.s.data.convert.CustomConversions       : Registering converter from class java.time.LocalDateTime to class java.time.Instant as reading converter although it doesn't convert from a store-supported type! You might wanna check you annotation setup at the converter implementation.
2021-06-13 14:09:28.077  WARN 89971 --- [    Test worker] o.s.data.convert.CustomConversions       : Registering converter from class java.time.Instant to class java.time.LocalDateTime as reading converter although it doesn't convert from a store-supported type! You might wanna check you annotation setup at the converter implementation.
2021-06-13 14:09:28.084  INFO 89971 --- [127.0.0.1:64090] org.mongodb.driver.connection            : Opened connection [connectionId{localValue:3}] to 127.0.0.1:64090
2021-06-13 14:09:28.086  INFO 89971 --- [127.0.0.1:64090] org.mongodb.driver.cluster               : Monitor thread successfully connected to server with description ServerDescription{address=127.0.0.1:64090, type=STANDALONE, state=CONNECTED, ok=true, version=ServerVersion{versionList=[3, 0, 0]}, minWireVersion=0, maxWireVersion=2, maxDocumentSize=16777216, logicalSessionTimeoutMinutes=null, roundTripTimeNanos=1417804}
2021-06-13 14:09:28.131  INFO 89971 --- [-server-worker2] d.b.mongo.wire.MongoWireProtocolHandler  : client [id: 0xfe91086b, L:/127.0.0.1:64090 - R:/127.0.0.1:64092] connected
2021-06-13 14:09:28.149  INFO 89971 --- [    Test worker] org.mongodb.driver.connection            : Opened connection [connectionId{localValue:4}] to 127.0.0.1:64090
2021-06-13 14:09:28.150  INFO 89971 --- [-server-worker2] d.b.mongo.backend.AbstractMongoBackend   : created database test
2021-06-13 14:09:28.150  INFO 89971 --- [-server-worker2] d.b.mongo.backend.AbstractMongoDatabase  : adding unique _id index for collection employee
2021-06-13 14:09:28.151  INFO 89971 --- [-server-worker2] d.b.mongo.backend.AbstractMongoDatabase  : created collection test.employee
2021-06-13 14:09:28.294  INFO 89971 --- [    Test worker] o.s.s.concurrent.ThreadPoolTaskExecutor  : Initializing ExecutorService 'applicationTaskExecutor'
2021-06-13 14:09:28.401  WARN 89971 --- [    Test worker] o.s.data.convert.CustomConversions       : Registering converter from class java.time.LocalDateTime to class java.time.Instant as reading converter although it doesn't convert from a store-supported type! You might wanna check you annotation setup at the converter implementation.
2021-06-13 14:09:28.401  WARN 89971 --- [    Test worker] o.s.data.convert.CustomConversions       : Registering converter from class java.time.Instant to class java.time.LocalDateTime as reading converter although it doesn't convert from a store-supported type! You might wanna check you annotation setup at the converter implementation.
2021-06-13 14:09:28.414  WARN 89971 --- [    Test worker] o.s.data.convert.CustomConversions       : Registering converter from class java.time.LocalDateTime to class java.time.Instant as reading converter although it doesn't convert from a store-supported type! You might wanna check you annotation setup at the converter implementation.
2021-06-13 14:09:28.414  WARN 89971 --- [    Test worker] o.s.data.convert.CustomConversions       : Registering converter from class java.time.Instant to class java.time.LocalDateTime as reading converter although it doesn't convert from a store-supported type! You might wanna check you annotation setup at the converter implementation.
2021-06-13 14:09:28.480  INFO 89971 --- [    Test worker] o.s.b.w.embedded.tomcat.TomcatWebServer  : Tomcat started on port(s): 64093 (http) with context path ''
2021-06-13 14:09:28.482  INFO 89971 --- [    Test worker] c.m.c.s.impl.EmployeeServiceImplTest     : Started EmployeeServiceImplTest in 0.879 seconds (JVM running for 4.536)
2021-06-13 14:09:28.586  INFO 89971 --- [o-auto-1-exec-1] o.a.c.c.C.[Tomcat].[localhost].[/]       : Initializing Spring DispatcherServlet 'dispatcherServlet'
2021-06-13 14:09:28.587  INFO 89971 --- [o-auto-1-exec-1] o.s.web.servlet.DispatcherServlet        : Initializing Servlet 'dispatcherServlet'
2021-06-13 14:09:28.608  INFO 89971 --- [o-auto-1-exec-1] o.s.web.servlet.DispatcherServlet        : Completed initialization in 21 ms
2021-06-13 14:09:28.644 DEBUG 89971 --- [o-auto-1-exec-1] c.m.c.controller.EmployeeController      : Received employee create request for [com.mindex.challenge.data.Employee@b91c1bd]
2021-06-13 14:09:28.644 DEBUG 89971 --- [o-auto-1-exec-1] c.m.c.service.impl.EmployeeServiceImpl   : Creating employee [com.mindex.challenge.data.Employee@b91c1bd]
2021-06-13 14:09:28.666 DEBUG 89971 --- [o-auto-1-exec-2] c.m.c.controller.EmployeeController      : Received employee create request for id [dbee22c9-4a84-4bc0-984d-25ba1c67ff9f]
2021-06-13 14:09:28.666 DEBUG 89971 --- [o-auto-1-exec-2] c.m.c.service.impl.EmployeeServiceImpl   : Creating employee with id [dbee22c9-4a84-4bc0-984d-25ba1c67ff9f]
2021-06-13 14:09:28.675 DEBUG 89971 --- [o-auto-1-exec-3] c.m.c.controller.EmployeeController      : Received employee create request for id [dbee22c9-4a84-4bc0-984d-25ba1c67ff9f] and employee [com.mindex.challenge.data.Employee@776cfc24]
2021-06-13 14:09:28.676 DEBUG 89971 --- [o-auto-1-exec-3] c.m.c.service.impl.EmployeeServiceImpl   : Updating employee [com.mindex.challenge.data.Employee@776cfc24]
]]></system-out>
  <system-err><![CDATA[]]></system-err>
</testsuite>
